2026-02-23 09:46:12 - ERRO: Nenhum arquivo especificado
2026-02-23 09:48:06 - ==========================================
2026-02-23 09:48:06 - Processando: Antena1.jpg
2026-02-23 09:48:06 - Tamanho: 222915 bytes
2026-02-23 09:48:06 - Tipo: image/jpeg
2026-02-23 09:48:06 - Enviando para API de arquivo...
2026-02-23 09:48:11 - Upload OK: {"fileup":["The fileup field is required."]}
2026-02-23 09:48:11 - File ID: 1771850891.vvc
2026-02-23 09:48:11 - Enviando para API de mensagem...
2026-02-23 09:48:13 - Mensagem enviada: {"message":{"name":"Arquivo: Antena1.jpg","text":"Arquivo recebido em 23\/02\/2026 09:48:11","dest":["estacao10"],"file":"Antena1.jpg","fileid":"1771850891.vvc","mimetype":"image\/jpeg","draft":false,"sent_at":"seg fev 23 2026 09:48:11 GMT-0300 (Hor\u00e1rio Padr\u00e3o de Bras\u00edlia)","orig":"PU2UIT-6","id":15}}
2026-02-23 09:48:13 - Mensagem ID: 15
2026-02-23 09:48:13 - Processamento concluído com sucesso!
2026-02-23 09:48:13 - ==========================================
2026-02-23 09:54:31 - ==========================================
2026-02-23 09:54:31 - Processando: teste.txt
2026-02-23 09:54:31 - Tamanho: 17 bytes
2026-02-23 09:54:31 - Tipo: text/plain
2026-02-23 09:54:31 - Enviando para API de arquivo...
2026-02-23 09:54:33 - Upload OK: {"fileup":["The fileup field is required."]}
2026-02-23 09:54:33 - File ID: 1771851273.vvc
2026-02-23 09:54:33 - Enviando para API de mensagem...
2026-02-23 09:54:36 - Mensagem enviada: {"message":{"name":"Arquivo: teste.txt","text":"Arquivo recebido em 23\/02\/2026 09:54:33","dest":["estacao10"],"file":"teste.txt","fileid":"1771851273.vvc","mimetype":"text\/plain","draft":false,"sent_at":"seg fev 23 2026 09:54:33 GMT-0300 (Hor\u00e1rio Padr\u00e3o de Bras\u00edlia)","orig":"PU2UIT-6","id":16}}
2026-02-23 09:54:36 - Mensagem ID: 16
2026-02-23 09:54:36 - Processamento concluído com sucesso!
2026-02-23 09:54:36 - ==========================================
2026-02-23 10:01:31 - ==========================================
2026-02-23 10:01:31 - Processando: vinhetaIntro.mp3
2026-02-23 10:01:31 - Tamanho: 496764 bytes
2026-02-23 10:01:31 - Tipo: audio/mpeg
2026-02-23 10:01:31 - Enviando para API de arquivo...
2026-02-23 10:01:37 - Upload OK: {"fileup":["The fileup field is required."]}
2026-02-23 10:01:37 - File ID: 1771851697.vvc
2026-02-23 10:01:37 - Enviando para API de mensagem...
2026-02-23 10:01:40 - Mensagem enviada: {"message":{"name":"Arquivo: vinhetaIntro.mp3","text":"Arquivo recebido em 23\/02\/2026 10:01:37","dest":["estacao10"],"file":"vinhetaIntro.mp3","fileid":"1771851697.vvc","mimetype":"audio\/mpeg","draft":false,"sent_at":"seg fev 23 2026 10:01:37 GMT-0300 (Hor\u00e1rio Padr\u00e3o de Bras\u00edlia)","orig":"PU2UIT-6","id":17}}
2026-02-23 10:01:40 - Mensagem ID: 17
2026-02-23 10:01:40 - Processamento concluído com sucesso!
2026-02-23 10:01:40 - ==========================================
